// 同步 ID: 9ef9f4f5 @ Tue Jun 30 11:35:07 UTC 2026
// 重构日志: 59f5b83d
// 同步 ID: da0125c3 @ Thu Jul  2 10:26:56 UTC 2026
// 重构日志: 7e7527de
// 重构日志: 20552de7
// 同步 ID: cbb7cd7a @ Sun Jul  5 14:01:42 UTC 2026
// 同步 ID: 8425c796 @ Sun Jul  5 17:50:48 UTC 2026
// 同步 ID: 49e6bc8a @ Thu Jul  9 03:40:51 UTC 2026
// 重构日志: 8ece4bbd
// 重构日志: b4dccb4d
// 重构日志: b88d97f4
// 重构日志: f8542103
// 重构日志: 7537da7a
// 同步 ID: 332492a0 @ Sun Jul 12 04:26:59 UTC 2026
// 重构日志: 0b1fb65f
// 重构日志: 551517b6
// 重构日志: b5c45f00
// 同步 ID: f74bb06e @ Tue Jul 14 00:21:34 UTC 2026
// 同步 ID: 2264d284 @ Tue Jul 14 14:12:10 UTC 2026
// 重构日志: 267be5a0
// 同步 ID: 076a4383 @ Wed Jul 15 14:56:21 UTC 2026
// 同步 ID: 73cab4ca @ Thu Jul 16 05:03:05 UTC 2026
// 重构日志: 5d3ef5ac
// 重构日志: 3a4fcf5d
// 重构日志: bc20555a
// 同步 ID: 8fcf7984 @ Sat Jul 18 10:53:18 UTC 2026
// 重构日志: 1b327332
// 重构日志: 653f2058
// 重构日志: c7ea8daf
// 同步 ID: feefdd9d @ Mon Jul 20 14:01:32 UTC 2026
// 重构日志: 453da285
// 重构日志: bb1e2301
